This file contains any messages produced by compilers while
running configure, to aid debugging if configure makes a mistake.

It was created by configure, which was
generated by GNU Autoconf 2.57.  Invocation command line was

  $ ./configure 

## --------- ##
## Platform. ##
## --------- ##

hostname = emulator-VirtualBox
uname -m = x86_64
uname -r = 4.4.0-64-generic
uname -s = Linux
uname -v = #85-Ubuntu SMP Mon Feb 20 11:50:30 UTC 2017

/usr/bin/uname -p = unknown
/bin/uname -X     = unknown

/bin/arch              = unknown
/usr/bin/arch -k       = unknown
/usr/convex/getsysinfo = unknown
hostinfo               = unknown
/bin/machine           = unknown
/usr/bin/oslevel       = unknown
/bin/universe          = unknown

PATH: /home/emulator/bin
PATH: /home/emulator/.local/bin
PATH: /usr/local/sbin
PATH: /usr/local/bin
PATH: /usr/sbin
PATH: /usr/bin
PATH: /sbin
PATH: /bin
PATH: /usr/games
PATH: /usr/local/games
PATH: /snap/bin


## ----------- ##
## Core tests. ##
## ----------- ##

configure:1328: checking for gcc
configure:1344: found /usr/bin/gcc
configure:1354: result: gcc
configure:1598: checking for C compiler version
configure:1601: gcc --version </dev/null >&5
gcc (Ubuntu 5.4.0-6ubuntu1~16.04.4) 5.4.0 20160609
Copyright (C) 2015 Free Software Foundation, Inc.
This is free software; see the source for copying conditions.  There is NO
warranty; not even for MERCHANTABILITY or FITNESS FOR A PARTICULAR PURPOSE.

configure:1604: $? = 0
configure:1606: gcc -v </dev/null >&5
Using built-in specs.
COLLECT_GCC=gcc
COLLECT_LTO_WRAPPER=/usr/lib/gcc/x86_64-linux-gnu/5/lto-wrapper
Target: x86_64-linux-gnu
Configured with: ../src/configure -v --with-pkgversion='Ubuntu 5.4.0-6ubuntu1~16.04.4' --with-bugurl=file:///usr/share/doc/gcc-5/README.Bugs --enable-languages=c,ada,c++,java,go,d,fortran,objc,obj-c++ --prefix=/usr --program-suffix=-5 --enable-shared --enable-linker-build-id --libexecdir=/usr/lib --without-included-gettext --enable-threads=posix --libdir=/usr/lib --enable-nls --with-sysroot=/ --enable-clocale=gnu --enable-libstdcxx-debug --enable-libstdcxx-time=yes --with-default-libstdcxx-abi=new --enable-gnu-unique-object --disable-vtable-verify --enable-libmpx --enable-plugin --with-system-zlib --disable-browser-plugin --enable-java-awt=gtk --enable-gtk-cairo --with-java-home=/usr/lib/jvm/java-1.5.0-gcj-5-amd64/jre --enable-java-home --with-jvm-root-dir=/usr/lib/jvm/java-1.5.0-gcj-5-amd64 --with-jvm-jar-dir=/usr/lib/jvm-exports/java-1.5.0-gcj-5-amd64 --with-arch-directory=amd64 --with-ecj-jar=/usr/share/java/eclipse-ecj.jar --enable-objc-gc --enable-multiarch --disable-werror --with-arch-32=i686 --with-abi=m64 --with-multilib-list=m32,m64,mx32 --enable-multilib --with-tune=generic --enable-checking=release --build=x86_64-linux-gnu --host=x86_64-linux-gnu --target=x86_64-linux-gnu
Thread model: posix
gcc version 5.4.0 20160609 (Ubuntu 5.4.0-6ubuntu1~16.04.4) 
configure:1609: $? = 0
configure:1611: gcc -V </dev/null >&5
gcc: error: unrecognized command line option '-V'
gcc: fatal error: no input files
compilation terminated.
configure:1614: $? = 1
configure:1638: checking for C compiler default output
configure:1641: gcc    conftest.c  >&5
configure:1644: $? = 0
configure:1690: result: a.out
configure:1695: checking whether the C compiler works
configure:1701: ./a.out
configure:1704: $? = 0
configure:1721: result: yes
configure:1728: checking whether we are cross compiling
configure:1730: result: no
configure:1733: checking for suffix of executables
configure:1735: gcc -o conftest    conftest.c  >&5
configure:1738: $? = 0
configure:1763: result: 
configure:1769: checking for suffix of object files
configure:1791: gcc -c   conftest.c >&5
configure:1794: $? = 0
configure:1816: result: o
configure:1820: checking whether we are using the GNU C compiler
configure:1845: gcc -c   conftest.c >&5
configure:1848: $? = 0
configure:1851: test -s conftest.o
configure:1854: $? = 0
configure:1867: result: yes
configure:1873: checking whether gcc accepts -g
configure:1895: gcc -c -g  conftest.c >&5
configure:1898: $? = 0
configure:1901: test -s conftest.o
configure:1904: $? = 0
configure:1915: result: yes
configure:1932: checking for gcc option to accept ANSI C
configure:1993: gcc  -c   conftest.c >&5
configure:1996: $? = 0
configure:1999: test -s conftest.o
configure:2002: $? = 0
configure:2020: result: none needed
configure:2038: gcc -c   conftest.c >&5
conftest.c:2:3: error: unknown type name 'choke'
   choke me
   ^
conftest.c:2:3: error: expected '=', ',', ';', 'asm' or '__attribute__' at end of input
configure:2041: $? = 1
configure: failed program was:
| #ifndef __cplusplus
|   choke me
| #endif
configure:2152: checking whether make sets $(MAKE)
configure:2172: result: yes
configure:2183: checking whether ln -s works
configure:2187: result: yes
configure:2200: checking for gawk
configure:2229: result: no
configure:2200: checking for mawk
configure:2216: found /usr/bin/mawk
configure:2226: result: mawk
configure:2279: checking for ranlib
configure:2295: found /usr/bin/ranlib
configure:2305: result: ranlib
configure:2360: checking for ld
configure:2376: found /usr/bin/ld
configure:2386: result: ld
configure:2431: checking build system type
configure:2449: result: x86_64-unknown-linux-gnu
configure:2457: checking host system type
configure:2471: result: x86_64-unknown-linux-gnu
configure:2479: checking target system type
configure:2493: result: x86_64-unknown-linux-gnu
configure:2541: checking how to run the C preprocessor
configure:2577: gcc -E  conftest.c
configure:2583: $? = 0
configure:2615: gcc -E  conftest.c
configure:2614:28: fatal error: ac_nonexistent.h: No such file or directory
compilation terminated.
configure:2621: $? = 1
configure: failed program was:
| #line 2606 "configure"
| /* confdefs.h.  */
| 
| #define PACKAGE_NAME ""
| #define PACKAGE_TARNAME ""
| #define PACKAGE_VERSION ""
| #define PACKAGE_STRING ""
| #define PACKAGE_BUGREPORT ""
| /* end confdefs.h.  */
| #include <ac_nonexistent.h>
configure:2659: result: gcc -E
configure:2684: gcc -E  conftest.c
configure:2690: $? = 0
configure:2722: gcc -E  conftest.c
configure:2721:28: fatal error: ac_nonexistent.h: No such file or directory
compilation terminated.
configure:2728: $? = 1
configure: failed program was:
| #line 2713 "configure"
| /* confdefs.h.  */
| 
| #define PACKAGE_NAME ""
| #define PACKAGE_TARNAME ""
| #define PACKAGE_VERSION ""
| #define PACKAGE_STRING ""
| #define PACKAGE_BUGREPORT ""
| /* end confdefs.h.  */
| #include <ac_nonexistent.h>
configure:2771: checking for egrep
configure:2781: result: grep -E
configure:2786: checking for ANSI C header files
configure:2812: gcc -c   conftest.c >&5
configure:2815: $? = 0
configure:2818: test -s conftest.o
configure:2821: $? = 0
configure:2913: gcc -o conftest    conftest.c  >&5
configure: In function 'main':
configure:2906:7: warning: implicit declaration of function 'exit' [-Wimplicit-function-declaration]
     if (XOR (islower (i), ISLOWER (i))
       ^
configure:2906:7: warning: incompatible implicit declaration of built-in function 'exit'
configure:2906:7: note: include '<stdlib.h>' or provide a declaration of 'exit'
configure:2907:3: warning: incompatible implicit declaration of built-in function 'exit'
         || toupper (i) != TOUPPER (i))
   ^
configure:2907:3: note: include '<stdlib.h>' or provide a declaration of 'exit'
configure:2916: $? = 0
configure:2918: ./conftest
configure:2921: $? = 0
configure:2936: result: yes
configure:2960: checking for sys/types.h
configure:2977: gcc -c   conftest.c >&5
configure:2980: $? = 0
configure:2983: test -s conftest.o
configure:2986: $? = 0
configure:2997: result: yes
configure:2960: checking for sys/stat.h
configure:2977: gcc -c   conftest.c >&5
configure:2980: $? = 0
configure:2983: test -s conftest.o
configure:2986: $? = 0
configure:2997: result: yes
configure:2960: checking for stdlib.h
configure:2977: gcc -c   conftest.c >&5
configure:2980: $? = 0
configure:2983: test -s conftest.o
configure:2986: $? = 0
configure:2997: result: yes
configure:2960: checking for string.h
configure:2977: gcc -c   conftest.c >&5
configure:2980: $? = 0
configure:2983: test -s conftest.o
configure:2986: $? = 0
configure:2997: result: yes
configure:2960: checking for memory.h
configure:2977: gcc -c   conftest.c >&5
configure:2980: $? = 0
configure:2983: test -s conftest.o
configure:2986: $? = 0
configure:2997: result: yes
configure:2960: checking for strings.h
configure:2977: gcc -c   conftest.c >&5
configure:2980: $? = 0
configure:2983: test -s conftest.o
configure:2986: $? = 0
configure:2997: result: yes
configure:2960: checking for inttypes.h
configure:2977: gcc -c   conftest.c >&5
configure:2980: $? = 0
configure:2983: test -s conftest.o
configure:2986: $? = 0
configure:2997: result: yes
configure:2960: checking for stdint.h
configure:2977: gcc -c   conftest.c >&5
configure:2980: $? = 0
configure:2983: test -s conftest.o
configure:2986: $? = 0
configure:2997: result: yes
configure:2960: checking for unistd.h
configure:2977: gcc -c   conftest.c >&5
configure:2980: $? = 0
configure:2983: test -s conftest.o
configure:2986: $? = 0
configure:2997: result: yes
configure:3009: checking for tigetstr in -lcurses
configure:3040: gcc -o conftest    conftest.c -lcurses   >&5
/usr/bin/ld: cannot find -lcurses
collect2: error: ld returned 1 exit status
configure:3043: $? = 1
configure: failed program was:
| #line 3016 "configure"
| /* confdefs.h.  */
| 
| #define PACKAGE_NAME ""
| #define PACKAGE_TARNAME ""
| #define PACKAGE_VERSION ""
| #define PACKAGE_STRING ""
| #define PACKAGE_BUGREPORT ""
| #define STDC_HEADERS 1
| #define HAVE_SYS_TYPES_H 1
| #define HAVE_SYS_STAT_H 1
| #define HAVE_STDLIB_H 1
| #define HAVE_STRING_H 1
| #define HAVE_MEMORY_H 1
| #define HAVE_STRINGS_H 1
| #define HAVE_INTTYPES_H 1
| #define HAVE_STDINT_H 1
| #define HAVE_UNISTD_H 1
| /* end confdefs.h.  */
| 
| /* Override any gcc2 internal prototype to avoid an error.  */
| #ifdef __cplusplus
| extern "C"
| #endif
| /* We use char because int might match the return type of a gcc2
|    builtin and then its argument prototype would still apply.  */
| char tigetstr ();
| int
| main ()
| {
| tigetstr ();
|   ;
|   return 0;
| }
configure:3061: result: no
configure:3072: checking for tigetstr in -lncurses
configure:3103: gcc -o conftest    conftest.c -lncurses   >&5
/usr/bin/ld: cannot find -lncurses
collect2: error: ld returned 1 exit status
configure:3106: $? = 1
configure: failed program was:
| #line 3079 "configure"
| /* confdefs.h.  */
| 
| #define PACKAGE_NAME ""
| #define PACKAGE_TARNAME ""
| #define PACKAGE_VERSION ""
| #define PACKAGE_STRING ""
| #define PACKAGE_BUGREPORT ""
| #define STDC_HEADERS 1
| #define HAVE_SYS_TYPES_H 1
| #define HAVE_SYS_STAT_H 1
| #define HAVE_STDLIB_H 1
| #define HAVE_STRING_H 1
| #define HAVE_MEMORY_H 1
| #define HAVE_STRINGS_H 1
| #define HAVE_INTTYPES_H 1
| #define HAVE_STDINT_H 1
| #define HAVE_UNISTD_H 1
| /* end confdefs.h.  */
| 
| /* Override any gcc2 internal prototype to avoid an error.  */
| #ifdef __cplusplus
| extern "C"
| #endif
| /* We use char because int might match the return type of a gcc2
|    builtin and then its argument prototype would still apply.  */
| char tigetstr ();
| int
| main ()
| {
| tigetstr ();
|   ;
|   return 0;
| }
configure:3124: result: no
configure:3135: checking for tgetstr in -lcurses
configure:3166: gcc -o conftest    conftest.c -lcurses   >&5
/usr/bin/ld: cannot find -lcurses
collect2: error: ld returned 1 exit status
configure:3169: $? = 1
configure: failed program was:
| #line 3142 "configure"
| /* confdefs.h.  */
| 
| #define PACKAGE_NAME ""
| #define PACKAGE_TARNAME ""
| #define PACKAGE_VERSION ""
| #define PACKAGE_STRING ""
| #define PACKAGE_BUGREPORT ""
| #define STDC_HEADERS 1
| #define HAVE_SYS_TYPES_H 1
| #define HAVE_SYS_STAT_H 1
| #define HAVE_STDLIB_H 1
| #define HAVE_STRING_H 1
| #define HAVE_MEMORY_H 1
| #define HAVE_STRINGS_H 1
| #define HAVE_INTTYPES_H 1
| #define HAVE_STDINT_H 1
| #define HAVE_UNISTD_H 1
| /* end confdefs.h.  */
| 
| /* Override any gcc2 internal prototype to avoid an error.  */
| #ifdef __cplusplus
| extern "C"
| #endif
| /* We use char because int might match the return type of a gcc2
|    builtin and then its argument prototype would still apply.  */
| char tgetstr ();
| int
| main ()
| {
| tgetstr ();
|   ;
|   return 0;
| }
configure:3187: result: no
configure:3356: checking curses.h usability
configure:3369: gcc -c   conftest.c >&5
configure:3410:20: fatal error: curses.h: No such file or directory
   (exit $ac_status); } >/dev/null; then
                    ^
compilation terminated.
configure:3372: $? = 1
configure: failed program was:
| #line 3358 "configure"
| /* confdefs.h.  */
| 
| #define PACKAGE_NAME ""
| #define PACKAGE_TARNAME ""
| #define PACKAGE_VERSION ""
| #define PACKAGE_STRING ""
| #define PACKAGE_BUGREPORT ""
| #define STDC_HEADERS 1
| #define HAVE_SYS_TYPES_H 1
| #define HAVE_SYS_STAT_H 1
| #define HAVE_STDLIB_H 1
| #define HAVE_STRING_H 1
| #define HAVE_MEMORY_H 1
| #define HAVE_STRINGS_H 1
| #define HAVE_INTTYPES_H 1
| #define HAVE_STDINT_H 1
| #define HAVE_UNISTD_H 1
| /* end confdefs.h.  */
| #include <stdio.h>
| #if HAVE_SYS_TYPES_H
| # include <sys/types.h>
| #endif
| #if HAVE_SYS_STAT_H
| # include <sys/stat.h>
| #endif
| #if STDC_HEADERS
| # include <stdlib.h>
| # include <stddef.h>
| #else
| # if HAVE_STDLIB_H
| #  include <stdlib.h>
| # endif
| #endif
| #if HAVE_STRING_H
| # if !STDC_HEADERS && HAVE_MEMORY_H
| #  include <memory.h>
| # endif
| # include <string.h>
| #endif
| #if HAVE_STRINGS_H
| # include <strings.h>
| #endif
| #if HAVE_INTTYPES_H
| # include <inttypes.h>
| #else
| # if HAVE_STDINT_H
| #  include <stdint.h>
| # endif
| #endif
| #if HAVE_UNISTD_H
| # include <unistd.h>
| #endif
| #include <curses.h>
configure:3388: result: no
configure:3392: checking curses.h presence
configure:3403: gcc -E  conftest.c
configure:3412:20: fatal error: curses.h: No such file or directory
     ac_cpp_err=$ac_c_preproc_warn_flag
                    ^
compilation terminated.
configure:3409: $? = 1
configure: failed program was:
| #line 3394 "configure"
| /* confdefs.h.  */
| 
| #define PACKAGE_NAME ""
| #define PACKAGE_TARNAME ""
| #define PACKAGE_VERSION ""
| #define PACKAGE_STRING ""
| #define PACKAGE_BUGREPORT ""
| #define STDC_HEADERS 1
| #define HAVE_SYS_TYPES_H 1
| #define HAVE_SYS_STAT_H 1
| #define HAVE_STDLIB_H 1
| #define HAVE_STRING_H 1
| #define HAVE_MEMORY_H 1
| #define HAVE_STRINGS_H 1
| #define HAVE_INTTYPES_H 1
| #define HAVE_STDINT_H 1
| #define HAVE_UNISTD_H 1
| /* end confdefs.h.  */
| #include <curses.h>
configure:3428: result: no
configure:3464: checking for curses.h
configure:3471: result: no
configure:3546: checking ncurses/curses.h usability
configure:3559: gcc -c   conftest.c >&5
configure:3600:28: fatal error: ncurses/curses.h: No such file or directory
   (exit $ac_status); } >/dev/null; then
                            ^
compilation terminated.
configure:3562: $? = 1
configure: failed program was:
| #line 3548 "configure"
| /* confdefs.h.  */
| 
| #define PACKAGE_NAME ""
| #define PACKAGE_TARNAME ""
| #define PACKAGE_VERSION ""
| #define PACKAGE_STRING ""
| #define PACKAGE_BUGREPORT ""
| #define STDC_HEADERS 1
| #define HAVE_SYS_TYPES_H 1
| #define HAVE_SYS_STAT_H 1
| #define HAVE_STDLIB_H 1
| #define HAVE_STRING_H 1
| #define HAVE_MEMORY_H 1
| #define HAVE_STRINGS_H 1
| #define HAVE_INTTYPES_H 1
| #define HAVE_STDINT_H 1
| #define HAVE_UNISTD_H 1
| /* end confdefs.h.  */
| #include <stdio.h>
| #if HAVE_SYS_TYPES_H
| # include <sys/types.h>
| #endif
| #if HAVE_SYS_STAT_H
| # include <sys/stat.h>
| #endif
| #if STDC_HEADERS
| # include <stdlib.h>
| # include <stddef.h>
| #else
| # if HAVE_STDLIB_H
| #  include <stdlib.h>
| # endif
| #endif
| #if HAVE_STRING_H
| # if !STDC_HEADERS && HAVE_MEMORY_H
| #  include <memory.h>
| # endif
| # include <string.h>
| #endif
| #if HAVE_STRINGS_H
| # include <strings.h>
| #endif
| #if HAVE_INTTYPES_H
| # include <inttypes.h>
| #else
| # if HAVE_STDINT_H
| #  include <stdint.h>
| # endif
| #endif
| #if HAVE_UNISTD_H
| # include <unistd.h>
| #endif
| #include <ncurses/curses.h>
configure:3578: result: no
configure:3582: checking ncurses/curses.h presence
configure:3593: gcc -E  conftest.c
configure:3602:28: fatal error: ncurses/curses.h: No such file or directory
     ac_cpp_err=$ac_c_preproc_warn_flag
                            ^
compilation terminated.
configure:3599: $? = 1
configure: failed program was:
| #line 3584 "configure"
| /* confdefs.h.  */
| 
| #define PACKAGE_NAME ""
| #define PACKAGE_TARNAME ""
| #define PACKAGE_VERSION ""
| #define PACKAGE_STRING ""
| #define PACKAGE_BUGREPORT ""
| #define STDC_HEADERS 1
| #define HAVE_SYS_TYPES_H 1
| #define HAVE_SYS_STAT_H 1
| #define HAVE_STDLIB_H 1
| #define HAVE_STRING_H 1
| #define HAVE_MEMORY_H 1
| #define HAVE_STRINGS_H 1
| #define HAVE_INTTYPES_H 1
| #define HAVE_STDINT_H 1
| #define HAVE_UNISTD_H 1
| /* end confdefs.h.  */
| #include <ncurses/curses.h>
configure:3618: result: no
configure:3654: checking for ncurses/curses.h
configure:3661: result: no
configure:3735: checking for reentrant functions
configure:3770: gcc -o conftest  -D_POSIX_C_SOURCE=199506L   conftest.c  >&5
configure: In function 'main':
configure:3772:5: warning: null argument where non-null required (argument 1) [-Wnonnull]
   ac_status=$?
     ^
configure:3772:5: warning: null argument where non-null required (argument 2) [-Wnonnull]
configure:3772:5: warning: null argument where non-null required (argument 3) [-Wnonnull]
configure:3773:5: warning: null argument where non-null required (argument 2) [-Wnonnull]
   echo "$as_me:$LINENO: \$? = $ac_status" >&5
     ^
configure:3773:5: warning: null argument where non-null required (argument 3) [-Wnonnull]
configure:3773:5: warning: null argument where non-null required (argument 5) [-Wnonnull]
configure:3774:5: warning: null argument where non-null required (argument 1) [-Wnonnull]
   (exit $ac_status); } &&
     ^
configure:3774:5: warning: null argument where non-null required (argument 2) [-Wnonnull]
configure:3774:5: warning: null argument where non-null required (argument 3) [-Wnonnull]
configure:3774:5: warning: null argument where non-null required (argument 5) [-Wnonnull]
configure:3773: $? = 0
configure:3776: test -s conftest
configure:3779: $? = 0
configure:3792: result: yes
configure:3811: checking sys/select.h usability
configure:3824: gcc -c   conftest.c >&5
configure:3827: $? = 0
configure:3830: test -s conftest.o
configure:3833: $? = 0
configure:3843: result: yes
configure:3847: checking sys/select.h presence
configure:3858: gcc -E  conftest.c
configure:3864: $? = 0
configure:3883: result: yes
configure:3919: checking for sys/select.h
configure:3926: result: yes
configure:3940: checking for select system call
configure:3976: gcc -o conftest    conftest.c  >&5
configure:3979: $? = 0
configure:3982: test -s conftest
configure:3985: $? = 0
configure:3997: result: yes
configure:4009: checking for SysV pseudo-terminals
configure:4042: gcc -o conftest    conftest.c  >&5
configure: In function 'main':
configure:4044:18: warning: implicit declaration of function 'ptsname' [-Wimplicit-function-declaration]
configure:4044:18: warning: initialization makes pointer from integer without a cast [-Wint-conversion]
configure:4045:14: warning: implicit declaration of function 'grantpt' [-Wimplicit-function-declaration]
   echo "$as_me:$LINENO: \$? = $ac_status" >&5
              ^
configure:4046:14: warning: implicit declaration of function 'unlockpt' [-Wimplicit-function-declaration]
   (exit $ac_status); } &&
              ^
configure:4045: $? = 0
configure:4048: test -s conftest
configure:4051: $? = 0
configure:4063: result: yes
configure:4180: checking for --version-script in GNU ld
configure:4195: result: yes
configure:4421: creating ./config.status

## ---------------------- ##
## Running config.status. ##
## ---------------------- ##

This file was extended by config.status, which was
generated by GNU Autoconf 2.57.  Invocation command line was

  CONFIG_FILES    = 
  CONFIG_HEADERS  = 
  CONFIG_LINKS    = 
  CONFIG_COMMANDS = 
  $ ./config.status 

on emulator-VirtualBox

config.status:639: creating Makefile
config.status:639: creating man/libr/libtecla
config.status:639: creating man/func/cfc_file_start
config.status:639: creating man/func/cfc_literal_escapes
config.status:639: creating man/func/cfc_set_check_fn
config.status:639: creating man/func/cpl_add_completion
config.status:639: creating man/func/cpl_complete_word
config.status:639: creating man/func/cpl_file_completions
config.status:639: creating man/func/cpl_last_error
config.status:639: creating man/func/cpl_list_completions
config.status:639: creating man/func/cpl_recall_matches
config.status:639: creating man/func/cpl_record_error
config.status:639: creating man/func/del_CplFileConf
config.status:639: creating man/func/del_ExpandFile
config.status:639: creating man/func/del_GetLine
config.status:639: creating man/func/del_PathCache
config.status:639: creating man/func/del_PcaPathConf
config.status:639: creating man/func/del_WordCompletion
config.status:639: creating man/func/ef_expand_file
config.status:639: creating man/func/ef_last_error
config.status:639: creating man/func/ef_list_expansions
config.status:639: creating man/func/gl_abandon_line
config.status:639: creating man/func/gl_bind_keyseq
config.status:639: creating man/func/gl_catch_blocked
config.status:639: creating man/func/gl_change_terminal
config.status:639: creating man/func/gl_clear_history
config.status:639: creating man/func/gl_completion_action
config.status:639: creating man/func/gl_configure_getline
config.status:639: creating man/func/gl_customize_completion
config.status:639: creating man/func/gl_display_text
config.status:639: creating man/func/gl_echo_mode
config.status:639: creating man/func/gl_erase_terminal
config.status:639: creating man/func/gl_error_message
config.status:639: creating man/func/gl_get_line
config.status:639: creating man/func/gl_group_history
config.status:639: creating man/func/gl_handle_signal
config.status:639: creating man/func/gl_ignore_signal
config.status:639: creating man/func/gl_inactivity_timeout
config.status:639: creating man/func/gl_io_mode
config.status:639: creating man/func/gl_last_signal
config.status:639: creating man/func/gl_limit_history
config.status:639: creating man/func/gl_list_signals
config.status:639: creating man/func/gl_load_history
config.status:639: creating man/func/gl_lookup_history
config.status:639: creating man/func/gl_normal_io
config.status:639: creating man/func/gl_pending_io
config.status:639: creating man/func/gl_prompt_style
config.status:639: creating man/func/gl_query_char
config.status:639: creating man/func/gl_range_of_history
config.status:639: creating man/func/gl_raw_io
config.status:639: creating man/func/gl_read_char
config.status:639: creating man/func/gl_register_action
config.status:639: creating man/func/gl_resize_history
config.status:639: creating man/func/gl_return_status
config.status:639: creating man/func/gl_save_history
config.status:639: creating man/func/gl_set_term_size
config.status:639: creating man/func/gl_show_history
config.status:639: creating man/func/gl_size_of_history
config.status:639: creating man/func/gl_state_of_history
config.status:639: creating man/func/gl_terminal_size
config.status:639: creating man/func/gl_toggle_history
config.status:639: creating man/func/gl_trap_signal
config.status:639: creating man/func/gl_tty_signals
config.status:639: creating man/func/gl_watch_fd
config.status:639: creating man/func/libtecla_version
config.status:639: creating man/func/new_CplFileConf
config.status:639: creating man/func/new_ExpandFile
config.status:639: creating man/func/new_GetLine
config.status:639: creating man/func/new_PathCache
config.status:639: creating man/func/new_PcaPathConf
config.status:639: creating man/func/new_WordCompletion
config.status:639: creating man/func/pca_last_error
config.status:639: creating man/func/pca_lookup_file
config.status:639: creating man/func/pca_path_completions
config.status:639: creating man/func/pca_scan_path
config.status:639: creating man/func/pca_set_check_fn
config.status:639: creating man/func/ppc_file_start
config.status:639: creating man/func/ppc_literal_escapes
config.status:639: creating man/misc/tecla
config.status:639: creating man/prog/enhance
config.status:639: creating man/file/teclarc

## ---------------- ##
## Cache variables. ##
## ---------------- ##

ac_cv_build=x86_64-unknown-linux-gnu
ac_cv_build_alias=x86_64-unknown-linux-gnu
ac_cv_c_compiler_gnu=yes
ac_cv_env_CC_set=
ac_cv_env_CC_value=
ac_cv_env_CFLAGS_set=
ac_cv_env_CFLAGS_value=
ac_cv_env_CPPFLAGS_set=
ac_cv_env_CPPFLAGS_value=
ac_cv_env_CPP_set=
ac_cv_env_CPP_value=
ac_cv_env_LDFLAGS_set=
ac_cv_env_LDFLAGS_value=
ac_cv_env_build_alias_set=
ac_cv_env_build_alias_value=
ac_cv_env_host_alias_set=
ac_cv_env_host_alias_value=
ac_cv_env_target_alias_set=
ac_cv_env_target_alias_value=
ac_cv_exeext=
ac_cv_header_curses_h=no
ac_cv_header_inttypes_h=yes
ac_cv_header_memory_h=yes
ac_cv_header_ncurses_curses_h=no
ac_cv_header_stdc=yes
ac_cv_header_stdint_h=yes
ac_cv_header_stdlib_h=yes
ac_cv_header_string_h=yes
ac_cv_header_strings_h=yes
ac_cv_header_sys_select_h=yes
ac_cv_header_sys_stat_h=yes
ac_cv_header_sys_types_h=yes
ac_cv_header_unistd_h=yes
ac_cv_host=x86_64-unknown-linux-gnu
ac_cv_host_alias=x86_64-unknown-linux-gnu
ac_cv_lib_curses_tgetstr=no
ac_cv_lib_curses_tigetstr=no
ac_cv_lib_ncurses_tigetstr=no
ac_cv_objext=o
ac_cv_prog_AWK=mawk
ac_cv_prog_CPP='gcc -E'
ac_cv_prog_ac_ct_CC=gcc
ac_cv_prog_ac_ct_LD=ld
ac_cv_prog_ac_ct_RANLIB=ranlib
ac_cv_prog_cc_g=yes
ac_cv_prog_cc_stdc=
ac_cv_prog_egrep='grep -E'
ac_cv_prog_make_make_set=yes
ac_cv_target=x86_64-unknown-linux-gnu
ac_cv_target_alias=x86_64-unknown-linux-gnu
tecla_cv_gnu_ld_script=yes
tecla_cv_reentrant=yes
tecla_cv_select=yes
tecla_cv_sysv_pty=yes

## ----------------- ##
## Output variables. ##
## ----------------- ##

AWK='mawk'
CC='gcc'
CFLAGS='-D_SVID_SOURCE -D_BSD_SOURCE '
CPP='gcc -E'
CPPFLAGS=''
DEFS='-DPACKAGE_NAME=\"\" -DPACKAGE_TARNAME=\"\" -DPACKAGE_VERSION=\"\" -DPACKAGE_STRING=\"\" -DPACKAGE_BUGREPORT=\"\" -DSTDC_HEADERS=1 -DHAVE_SYS_TYPES_H=1 -DHAVE_SYS_STAT_H=1 -DHAVE_STDLIB_H=1 -DHAVE_STRING_H=1 -DHAVE_MEMORY_H=1 -DHAVE_STRINGS_H=1 -DHAVE_INTTYPES_H=1 -DHAVE_STDINT_H=1 -DHAVE_UNISTD_H=1 -DHAVE_SYS_SELECT_H=1 -DHAVE_SELECT=1 -DHAVE_SYSV_PTY=1 '
DEFS_R='-D_POSIX_C_SOURCE=199506L -DPREFER_REENTRANT'
ECHO_C=''
ECHO_N='-n'
ECHO_T=''
EGREP='grep -E'
EXEEXT=''
FILE_MANDIR='man5'
FILE_MANEXT='5'
FUNC_MANDIR='man3'
FUNC_MANEXT='3'
LD='ld'
LDFLAGS=''
LIBOBJS=''
LIBR_MANDIR='man3'
LIBR_MANEXT='3'
LIBS=''
LINK_SHARED='ld -o $$@ -soname libtecla$$(SUFFIX).so.1 -shared --version-script=$$(srcdir)/libtecla.map $$(LIB_OBJECTS) $$(LIBS) -lc /usr/lib/gcc/x86_64-linux-gnu/5/libgcc.a'
LN_S='ln -s'
LTLIBOBJS=''
MAJOR_VER='1'
MAKE_MAN_PAGES='yes'
MICRO_VER='1'
MINOR_VER='6'
MISC_MANDIR='man7'
MISC_MANEXT='7'
OBJEXT='o'
PACKAGE_BUGREPORT=''
PACKAGE_NAME=''
PACKAGE_STRING=''
PACKAGE_TARNAME=''
PACKAGE_VERSION=''
PATH_SEPARATOR=':'
PROG_MANDIR='man1'
PROG_MANEXT='1'
RANLIB='ranlib'
SET_MAKE=''
SHARED_ALT='.so .so.1'
SHARED_CFLAGS='-fpic'
SHARED_EXT='.so.1.6.1'
SHELL='/bin/bash'
TARGETS='normal reentrant'
TARGET_LIBS='static shared'
ac_ct_CC='gcc'
ac_ct_LD='ld'
ac_ct_RANLIB='ranlib'
bindir='${exec_prefix}/bin'
build='x86_64-unknown-linux-gnu'
build_alias=''
build_cpu='x86_64'
build_os='linux-gnu'
build_vendor='unknown'
datadir='${prefix}/share'
exec_prefix='${prefix}'
host='x86_64-unknown-linux-gnu'
host_alias=''
host_cpu='x86_64'
host_os='linux-gnu'
host_vendor='unknown'
includedir='${prefix}/include'
infodir='${prefix}/info'
libdir='${exec_prefix}/lib'
libexecdir='${exec_prefix}/libexec'
localstatedir='${prefix}/var'
mandir='${prefix}/man'
oldincludedir='/usr/include'
prefix='/usr/local'
program_transform_name='s,x,x,'
sbindir='${exec_prefix}/sbin'
sharedstatedir='${prefix}/com'
sysconfdir='${prefix}/etc'
target='x86_64-unknown-linux-gnu'
target_alias=''
target_cpu='x86_64'
target_os='linux-gnu'
target_vendor='unknown'

## ----------- ##
## confdefs.h. ##
## ----------- ##

#define HAVE_INTTYPES_H 1
#define HAVE_MEMORY_H 1
#define HAVE_SELECT 1
#define HAVE_STDINT_H 1
#define HAVE_STDLIB_H 1
#define HAVE_STRINGS_H 1
#define HAVE_STRING_H 1
#define HAVE_SYSV_PTY 1
#define HAVE_SYS_SELECT_H 1
#define HAVE_SYS_STAT_H 1
#define HAVE_SYS_TYPES_H 1
#define HAVE_UNISTD_H 1
#define PACKAGE_BUGREPORT ""
#define PACKAGE_NAME ""
#define PACKAGE_STRING ""
#define PACKAGE_TARNAME ""
#define PACKAGE_VERSION ""
#define STDC_HEADERS 1

configure: exit 0
